Start testing: Apr 04 21:05 -03
----------------------------------------------------------
1/5 Testing: antennae
1/5 Test: antennae
Command: "/bin/bash" "/home/miguel/Documents/gpuvmem/tests/antennae/test.sh" "/home/miguel/Documents/gpuvmem/bin/gpuvmem" "/home/miguel/Documents/gpuvmem/tests/antennae"
Directory: /home/miguel/Documents/gpuvmem/build
"antennae" start time: Apr 04 21:05 -03
Output:
----------------------------------------------------------
OK
rm: cannot remove '/home/miguel/Documents/gpuvmem/tests/antennae/alpha.fits': No such file or directory
<end of output>
Test time =  78.89 sec
----------------------------------------------------------
Test Passed.
"antennae" end time: Apr 04 21:06 -03
"antennae" time elapsed: 00:01:18
----------------------------------------------------------

2/5 Testing: co65
2/5 Test: co65
Command: "/bin/bash" "/home/miguel/Documents/gpuvmem/tests/co65/test.sh" "/home/miguel/Documents/gpuvmem/bin/gpuvmem" "/home/miguel/Documents/gpuvmem/tests/co65"
Directory: /home/miguel/Documents/gpuvmem/build
"co65" start time: Apr 04 21:06 -03
Output:
----------------------------------------------------------
OK
rm: cannot remove '/home/miguel/Documents/gpuvmem/tests/co65/alpha.fits': No such file or directory
<end of output>
Test time =   4.70 sec
----------------------------------------------------------
Test Passed.
"co65" end time: Apr 04 21:06 -03
"co65" time elapsed: 00:00:04
----------------------------------------------------------

3/5 Testing: freq78
3/5 Test: freq78
Command: "/bin/bash" "/home/miguel/Documents/gpuvmem/tests/FREQ78/test.sh" "/home/miguel/Documents/gpuvmem/bin/gpuvmem" "/home/miguel/Documents/gpuvmem/tests/FREQ78"
Directory: /home/miguel/Documents/gpuvmem/build
"freq78" start time: Apr 04 21:06 -03
Output:
----------------------------------------------------------
OK
rm: cannot remove '/home/miguel/Documents/gpuvmem/tests/FREQ78/alpha.fits': No such file or directory
<end of output>
Test time =  11.07 sec
----------------------------------------------------------
Test Passed.
"freq78" end time: Apr 04 21:07 -03
"freq78" time elapsed: 00:00:11
----------------------------------------------------------

4/5 Testing: m87
4/5 Test: m87
Command: "/bin/bash" "/home/miguel/Documents/gpuvmem/tests/M87/test.sh" "/home/miguel/Documents/gpuvmem/bin/gpuvmem" "/home/miguel/Documents/gpuvmem/tests/M87"
Directory: /home/miguel/Documents/gpuvmem/build
"m87" start time: Apr 04 21:07 -03
Output:
----------------------------------------------------------
OK
rm: cannot remove '/home/miguel/Documents/gpuvmem/tests/M87/alpha.fits': No such file or directory
<end of output>
Test time =   1.45 sec
----------------------------------------------------------
Test Passed.
"m87" end time: Apr 04 21:07 -03
"m87" time elapsed: 00:00:01
----------------------------------------------------------

5/5 Testing: selfcalband9
5/5 Test: selfcalband9
Command: "/bin/bash" "/home/miguel/Documents/gpuvmem/tests/selfcalband9/test.sh" "/home/miguel/Documents/gpuvmem/bin/gpuvmem" "/home/miguel/Documents/gpuvmem/tests/selfcalband9"
Directory: /home/miguel/Documents/gpuvmem/build
"selfcalband9" start time: Apr 04 21:07 -03
Output:
----------------------------------------------------------
OK
rm: cannot remove '/home/miguel/Documents/gpuvmem/tests/selfcalband9/alpha.fits': No such file or directory
<end of output>
Test time =  15.13 sec
----------------------------------------------------------
Test Passed.
"selfcalband9" end time: Apr 04 21:07 -03
"selfcalband9" time elapsed: 00:00:15
----------------------------------------------------------

End testing: Apr 04 21:07 -03
